2025-07-19T10:31:56.148Z error: uncaughtException: argument handler is required
TypeError: argument handler is required
    at Route.<computed> [as get] (C:\Users\Zack River\Desktop\NTI\Backend Projects\week 5\DAY3\node_modules\router\lib\route.js:221:13)
    at app.<computed> [as get] (C:\Users\Zack River\Desktop\NTI\Backend Projects\week 5\DAY3\node_modules\express\lib\application.js:479:19)
    at Object.<anonymous> (C:\Users\Zack River\Desktop\NTI\Backend Projects\week 5\DAY3\server.js:53:5)
    at Module._compile (node:internal/modules/cjs/loader:1554:14)
    at Object..js (node:internal/modules/cjs/loader:1706:10)
    at Module.load (node:internal/modules/cjs/loader:1289:32)
    at Function._load (node:internal/modules/cjs/loader:1108:12)
    at TracingChannel.traceSync (node:diagnostics_channel:322:14)
    at wrapModuleLoad (node:internal/modules/cjs/loader:220:24)
    at Function.executeUserEntryPoint [as runMain] (node:internal/modules/run_main:170:5)
2025-07-19T10:32:29.242Z error: uncaughtException: a is not defined
ReferenceError: a is not defined
    at Object.<anonymous> (C:\Users\Zack River\Desktop\NTI\Backend Projects\week 5\DAY3\server.js:53:20)
    at Module._compile (node:internal/modules/cjs/loader:1554:14)
    at Object..js (node:internal/modules/cjs/loader:1706:10)
    at Module.load (node:internal/modules/cjs/loader:1289:32)
    at Function._load (node:internal/modules/cjs/loader:1108:12)
    at TracingChannel.traceSync (node:diagnostics_channel:322:14)
    at wrapModuleLoad (node:internal/modules/cjs/loader:220:24)
    at Function.executeUserEntryPoint [as runMain] (node:internal/modules/run_main:170:5)
    at node:internal/main/run_main_module:36:49
2025-07-19T10:32:32.467Z error: uncaughtException: async is not defined
ReferenceError: async is not defined
    at Object.<anonymous> (C:\Users\Zack River\Desktop\NTI\Backend Projects\week 5\DAY3\server.js:53:20)
    at Module._compile (node:internal/modules/cjs/loader:1554:14)
    at Object..js (node:internal/modules/cjs/loader:1706:10)
    at Module.load (node:internal/modules/cjs/loader:1289:32)
    at Function._load (node:internal/modules/cjs/loader:1108:12)
    at TracingChannel.traceSync (node:diagnostics_channel:322:14)
    at wrapModuleLoad (node:internal/modules/cjs/loader:220:24)
    at Function.executeUserEntryPoint [as runMain] (node:internal/modules/run_main:170:5)
    at node:internal/main/run_main_module:36:49
2025-07-19T10:32:33.616Z error: uncaughtException: async is not defined
ReferenceError: async is not defined
    at Object.<anonymous> (C:\Users\Zack River\Desktop\NTI\Backend Projects\week 5\DAY3\server.js:53:5)
    at Module._compile (node:internal/modules/cjs/loader:1554:14)
    at Object..js (node:internal/modules/cjs/loader:1706:10)
    at Module.load (node:internal/modules/cjs/loader:1289:32)
    at Function._load (node:internal/modules/cjs/loader:1108:12)
    at TracingChannel.traceSync (node:diagnostics_channel:322:14)
    at wrapModuleLoad (node:internal/modules/cjs/loader:220:24)
    at Function.executeUserEntryPoint [as runMain] (node:internal/modules/run_main:170:5)
    at node:internal/main/run_main_module:36:49
2025-07-19T10:33:53.705Z error: uncaughtException: argument handler is required
TypeError: argument handler is required
    at Route.<computed> [as get] (C:\Users\Zack River\Desktop\NTI\Backend Projects\week 5\DAY3\node_modules\router\lib\route.js:221:13)
    at app.<computed> [as get] (C:\Users\Zack River\Desktop\NTI\Backend Projects\week 5\DAY3\node_modules\express\lib\application.js:479:19)
    at Object.<anonymous> (C:\Users\Zack River\Desktop\NTI\Backend Projects\week 5\DAY3\server.js:62:5)
    at Module._compile (node:internal/modules/cjs/loader:1554:14)
    at Object..js (node:internal/modules/cjs/loader:1706:10)
    at Module.load (node:internal/modules/cjs/loader:1289:32)
    at Function._load (node:internal/modules/cjs/loader:1108:12)
    at TracingChannel.traceSync (node:diagnostics_channel:322:14)
    at wrapModuleLoad (node:internal/modules/cjs/loader:220:24)
    at Function.executeUserEntryPoint [as runMain] (node:internal/modules/run_main:170:5)
